
> mobile@1.0.0 start:8085
> expo start --port 8085 --web

Starting project at C:\Users\DAVI\Documents\GitHub\StudyRats\mobile
Starting Metro Bundler
Waiting on http://localhost:8085
Logs for your project will appear below.
Web node_modules\expo-router\entry.js ▓▓▓░░░░░░░░░░░░░ 20.8% (161/353)
λ node_modules\expo-router\node\render.js ▓▓▓▓▓▓░░░░░░░░░░ 42.5% (321/499)
Web node_modules\expo-router\entry.js ▓▓▓▓▓▓▓▓▓░░░░░░░ 58.9% (598/780)
λ node_modules\expo-router\node\render.js ▓▓▓▓▓▓▓▓▓▓▓▓▓▓░░ 90.1% (2321/2445)
λ Bundled 8964ms node_modules\expo-router\node\render.js (2626 modules)
Web node_modules\expo-router\entry.js ▓▓▓▓▓▓▓▓▓▓▓▓▓▓▓░ 99.9% (2702/2702)
Web Bundled 11070ms node_modules\expo-router\entry.js (2702 modules)
Web node_modules\expo-router\entry.js ░░░░░░░░░░░░░░░░  0.0% (0/1)
Web Bundled 2233ms node_modules\expo-router\entry.js (2662 modules)
 LOG  [web] Logs will appear in the browser console
Web node_modules\expo-router\entry.js ░░░░░░░░░░░░░░░░  0.0% (0/1)
λ Bundled 171ms node_modules\expo-router\node\render.js (1 module)
Web Bundled 675ms node_modules\expo-router\entry.js (1 module)
Web Bundled 169ms node_modules\expo-router\entry.js (1 module)
 LOG  [web] Logs will appear in the browser console
Web node_modules\expo-router\entry.js ░░░░░░░░░░░░░░░░  0.0% (0/1)
λ Bundled 248ms node_modules\expo-router\node\render.js (1 module)
Web Bundled 822ms node_modules\expo-router\entry.js (1 module)
Web Bundled 205ms node_modules\expo-router\entry.js (1 module)
 LOG  [web] Logs will appear in the browser console
λ Bundled 128ms node_modules\expo-router\node\render.js (1 module)
Web Bundled 653ms node_modules\expo-router\entry.js (1 module)
Web Bundled 176ms node_modules\expo-router\entry.js (1 module)
 LOG  [web] Logs will appear in the browser console
Web node_modules\expo-router\entry.js ░░░░░░░░░░░░░░░░  0.0% (0/1)
λ Bundled 102ms node_modules\expo-router\node\render.js (1 module)
Web Bundled 688ms node_modules\expo-router\entry.js (1 module)
Web node_modules\expo-router\entry.js ░░░░░░░░░░░░░░░░  0.0% (0/1)
λ Bundled 934ms node_modules\expo-router\node\render.js (1 module)
Web Bundled 1512ms node_modules\expo-router\entry.js (1 module)
Web node_modules\expo-router\entry.js ░░░░░░░░░░░░░░░░  0.0% (0/1)
λ Bundled 181ms node_modules\expo-router\node\render.js (1 module)
Web Bundled 805ms node_modules\expo-router\entry.js (1 module)
Web Bundled 224ms node_modules\expo-router\entry.js (1 module)
 LOG  [web] Logs will appear in the browser console
Web node_modules\expo-router\entry.js ░░░░░░░░░░░░░░░░  0.0% (0/1)
λ Bundled 139ms node_modules\expo-router\node\render.js (1 module)
Web Bundled 698ms node_modules\expo-router\entry.js (1 module)
Web Bundled 161ms node_modules\expo-router\entry.js (1 module)
 LOG  [web] Logs will appear in the browser console
Web node_modules\expo-router\entry.js ░░░░░░░░░░░░░░░░  0.0% (0/1)
Web Bundled 730ms node_modules\expo-router\entry.js (1 module)
λ Bundled 964ms node_modules\expo-router\node\render.js (1 module)
Web node_modules\expo-router\entry.js ░░░░░░░░░░░░░░░░  0.0% (0/1)
λ Bundled 164ms node_modules\expo-router\node\render.js (1 module)
Web Bundled 831ms node_modules\expo-router\entry.js (1 module)
Web node_modules\expo-router\entry.js ░░░░░░░░░░░░░░░░  0.0% (0/1)
λ Bundled 452ms node_modules\expo-router\node\render.js (1 module)
Web Bundled 1061ms node_modules\expo-router\entry.js (1 module)
Web node_modules\expo-router\entry.js ░░░░░░░░░░░░░░░░  0.0% (0/1)
λ Bundled 230ms node_modules\expo-router\node\render.js (1 module)
Web Bundled 804ms node_modules\expo-router\entry.js (1 module)
Web Bundled 334ms node_modules\expo-router\entry.js (1 module)
 LOG  [web] Logs will appear in the browser console
Web node_modules\expo-router\entry.js ░░░░░░░░░░░░░░░░  0.0% (0/1)
λ Bundled 263ms node_modules\expo-router\node\render.js (1 module)
Web Bundled 1008ms node_modules\expo-router\entry.js (1 module)
Web Bundled 679ms node_modules\expo-router\entry.js (1 module)
 LOG  [web] Logs will appear in the browser console
Web node_modules\expo-router\entry.js ░░░░░░░░░░░░░░░░  0.0% (0/1)
Web Bundled 512ms node_modules\expo-router\entry.js (1 module)
λ Bundled 586ms node_modules\expo-router\node\render.js (1 module)
Web node_modules\expo-router\entry.js ░░░░░░░░░░░░░░░░  0.0% (0/1)
λ Bundled 221ms node_modules\expo-router\node\render.js (1 module)
Web Bundled 721ms node_modules\expo-router\entry.js (1 module)
Web Bundled 233ms node_modules\expo-router\entry.js (1 module)
 LOG  [web] Logs will appear in the browser console
Web node_modules\expo-router\entry.js ░░░░░░░░░░░░░░░░  0.0% (0/1)
λ Bundled 245ms node_modules\expo-router\node\render.js (1 module)
Web Bundled 945ms node_modules\expo-router\entry.js (1 module)
Web Bundled 236ms node_modules\expo-router\entry.js (1 module)
 LOG  [web] Logs will appear in the browser console
Web node_modules\expo-router\entry.js ░░░░░░░░░░░░░░░░  0.0% (0/1)
λ Bundled 178ms node_modules\expo-router\node\render.js (1 module)
Web Bundled 3079ms node_modules\expo-router\entry.js (1 module)
Web node_modules\expo-router\entry.js ░░░░░░░░░░░░░░░░  0.0% (0/1)
λ Bundled 203ms node_modules\expo-router\node\render.js (1 module)
Web Bundled 849ms node_modules\expo-router\entry.js (1 module)
Web Bundled 483ms node_modules\expo-router\entry.js (1 module)
 LOG  [web] Logs will appear in the browser console
λ Bundled 522ms node_modules\expo-router\node\render.js (1 module)
Web node_modules\expo-router\entry.js ░░░░░░░░░░░░░░░░  0.0% (0/1)
Web Bundled 1042ms node_modules\expo-router\entry.js (1 module)
Web Bundled 354ms node_modules\expo-router\entry.js (1 module)
 LOG  [web] Logs will appear in the browser console
Web node_modules\expo-router\entry.js ░░░░░░░░░░░░░░░░  0.0% (0/1)
Web Bundled 1210ms node_modules\expo-router\entry.js (1 module)
λ Bundled 1658ms node_modules\expo-router\node\render.js (1 module)
Web Bundled 1303ms node_modules\expo-router\entry.js (1 module)
λ Bundled 143ms node_modules\expo-router\node\render.js (1 module)
Web Bundled 639ms node_modules\expo-router\entry.js (1 module)
Web Bundled 260ms node_modules\expo-router\entry.js (1 module)
 LOG  [web] Logs will appear in the browser console
 LOG  [web] Logs will appear in the browser console
λ Bundled 118ms node_modules\expo-router\node\render.js (1 module)
Web Bundled 608ms node_modules\expo-router\entry.js (1 module)
Web Bundled 281ms node_modules\expo-router\entry.js (1 module)
 LOG  [web] Logs will appear in the browser console
Web node_modules\expo-router\entry.js ░░░░░░░░░░░░░░░░  0.0% (0/1)
λ Bundled 59ms node_modules\expo-router\node\render.js (1 module)
Web Bundled 641ms node_modules\expo-router\entry.js (1 module)
Web node_modules\expo-router\entry.js ░░░░░░░░░░░░░░░░  0.0% (0/1)
λ Bundled 101ms node_modules\expo-router\node\render.js (1 module)
Web Bundled 786ms node_modules\expo-router\entry.js (1 module)
Web Bundled 102ms node_modules\expo-router\entry.js (1 module)
 LOG  [web] Logs will appear in the browser console
λ Bundled 176ms node_modules\expo-router\node\render.js (1 module)
Web Bundled 724ms node_modules\expo-router\entry.js (1 module)
Web Bundled 107ms node_modules\expo-router\entry.js (1 module)
 LOG  [web] Logs will appear in the browser console
Web node_modules\expo-router\entry.js ░░░░░░░░░░░░░░░░  0.0% (0/1)
λ Bundled 108ms node_modules\expo-router\node\render.js (1 module)
Web Bundled 978ms node_modules\expo-router\entry.js (1 module)
Web node_modules\expo-router\entry.js ░░░░░░░░░░░░░░░░  0.0% (0/1)
λ Bundled 134ms node_modules\expo-router\node\render.js (1 module)
Web Bundled 830ms node_modules\expo-router\entry.js (1 module)
Web node_modules\expo-router\entry.js ░░░░░░░░░░░░░░░░  0.0% (0/1)
λ Bundled 141ms node_modules\expo-router\node\render.js (1 module)
Web Bundled 714ms node_modules\expo-router\entry.js (1 module)
λ Bundled 74ms node_modules\expo-router\node\render.js (1 module)
Web Bundled 623ms node_modules\expo-router\entry.js (1 module)
λ Bundled 63ms node_modules\expo-router\node\render.js (1 module)
Web Bundled 647ms node_modules\expo-router\entry.js (1 module)
Web node_modules\expo-router\entry.js ░░░░░░░░░░░░░░░░  0.0% (0/1)
λ Bundled 83ms node_modules\expo-router\node\render.js (1 module)
Web Bundled 672ms node_modules\expo-router\entry.js (1 module)
Web node_modules\expo-router\entry.js ░░░░░░░░░░░░░░░░  0.0% (0/1)
λ Bundled 96ms node_modules\expo-router\node\render.js (1 module)
Web Bundled 654ms node_modules\expo-router\entry.js (1 module)
λ Bundled 73ms node_modules\expo-router\node\render.js (1 module)
Web Bundled 635ms node_modules\expo-router\entry.js (1 module)
λ Bundled 80ms node_modules\expo-router\node\render.js (1 module)
Web Bundled 682ms node_modules\expo-router\entry.js (1 module)
Web node_modules\expo-router\entry.js ░░░░░░░░░░░░░░░░  0.0% (0/1)
λ Bundled 67ms node_modules\expo-router\node\render.js (1 module)
Web Bundled 600ms node_modules\expo-router\entry.js (1 module)
Web node_modules\expo-router\entry.js ░░░░░░░░░░░░░░░░  0.0% (0/1)
λ Bundled 91ms node_modules\expo-router\node\render.js (1 module)
Web Bundled 719ms node_modules\expo-router\entry.js (1 module)
Web node_modules\expo-router\entry.js ░░░░░░░░░░░░░░░░  0.0% (0/1)
Web Bundled 256ms node_modules\expo-router\entry.js (1 module)
λ Bundled 373ms node_modules\expo-router\node\render.js (1 module)
Web node_modules\expo-router\entry.js ░░░░░░░░░░░░░░░░  0.0% (0/1)
λ Bundled 82ms node_modules\expo-router\node\render.js (1 module)
Web Bundled 620ms node_modules\expo-router\entry.js (1 module)
Web node_modules\expo-router\entry.js ░░░░░░░░░░░░░░░░  0.0% (0/1)
λ Bundled 75ms node_modules\expo-router\node\render.js (1 module)
Web Bundled 680ms node_modules\expo-router\entry.js (1 module)
Web node_modules\expo-router\entry.js ░░░░░░░░░░░░░░░░  0.0% (0/1)
λ Bundled 64ms node_modules\expo-router\node\render.js (1 module)
Web Bundled 609ms node_modules\expo-router\entry.js (1 module)
λ Bundled 81ms node_modules\expo-router\node\render.js (1 module)
Web Bundled 678ms node_modules\expo-router\entry.js (1 module)
Web node_modules\expo-router\entry.js ░░░░░░░░░░░░░░░░  0.0% (0/1)
λ Bundled 217ms node_modules\expo-router\node\render.js (1 module)
Web Bundled 1081ms node_modules\expo-router\entry.js (1 module)
Web node_modules\expo-router\entry.js ░░░░░░░░░░░░░░░░  0.0% (0/1)
λ Bundled 72ms node_modules\expo-router\node\render.js (1 module)
Web Bundled 616ms node_modules\expo-router\entry.js (1 module)
Web node_modules\expo-router\entry.js ░░░░░░░░░░░░░░░░  0.0% (0/1)
λ Bundled 76ms node_modules\expo-router\node\render.js (1 module)
Web Bundled 722ms node_modules\expo-router\entry.js (1 module)
Web node_modules\expo-router\entry.js ░░░░░░░░░░░░░░░░  0.0% (0/1)
λ Bundled 92ms node_modules\expo-router\node\render.js (1 module)
Web Bundled 649ms node_modules\expo-router\entry.js (1 module)
Web node_modules\expo-router\entry.js ░░░░░░░░░░░░░░░░  0.0% (0/1)
λ Bundled 85ms node_modules\expo-router\node\render.js (1 module)
Web Bundled 629ms node_modules\expo-router\entry.js (1 module)
Web node_modules\expo-router\entry.js ░░░░░░░░░░░░░░░░  0.0% (0/1)
λ Bundled 72ms node_modules\expo-router\node\render.js (1 module)
Web Bundled 628ms node_modules\expo-router\entry.js (1 module)
Web node_modules\expo-router\entry.js ░░░░░░░░░░░░░░░░  0.0% (0/1)
λ Bundled 93ms node_modules\expo-router\node\render.js (1 module)
Web Bundled 955ms node_modules\expo-router\entry.js (1 module)
Web node_modules\expo-router\entry.js ░░░░░░░░░░░░░░░░  0.0% (0/1)
λ Bundled 102ms node_modules\expo-router\node\render.js (1 module)
Web Bundled 595ms node_modules\expo-router\entry.js (1 module)
